<?xml version="1.0" encoding="UTF-8"?>
<testng-results ignored="0" total="1" passed="1" failed="0" skipped="0">
  <reporter-output>
  </reporter-output>
  <suite started-at="2022-03-24T11:20:44 IST" name="Default suite" finished-at="2022-03-24T11:20:44 IST" duration-ms="37">
    <groups>
    </groups>
    <test started-at="2022-03-24T11:20:44 IST" name="Default test" finished-at="2022-03-24T11:20:44 IST" duration-ms="37">
      <class name="com.crm.OrgTests.CreateOrgTest">
        <test-method signature="createOrgTest()[pri:0, instance:com.crm.OrgTests.CreateOrgTest@19d481b]" started-at="2022-03-24T11:20:44 IST" name="createOrgTest" finished-at="2022-03-24T11:20:44 IST" duration-ms="9" status="PASS">
          <reporter-output>
          </reporter-output>
        </test-method> <!-- createOrgTest -->
      </class> <!-- com.crm.OrgTests.CreateOrgTest -->
    </test> <!-- Default test -->
  </suite> <!-- Default suite -->
</testng-results>
